<?xml version="1.0" encoding="UTF-8"?>
<!-- Generated by org.testng.reporters.JUnitReportReporter -->
<testsuite hostname="Harry" failures="0" tests="1" name="ProductTest.BirdsProduct" time="16.215" errors="0" timestamp="2024-11-26T09:41:16 IST" skipped="0">
  <testcase classname="ProductTest.BirdsProduct" name="addFirstProduct" time="16.215"/>
  <system-out/>
</testsuite> <!-- ProductTest.BirdsProduct -->
