<?xml version="1.0" encoding="UTF-8"?>
<!-- Generated by org.testng.reporters.JUnitReportReporter -->
<testsuite hostname="LAPTOP-FQ655NHB" failures="0" tests="3" name="ProductTest.FishProduct" time="39.033" errors="0" timestamp="2024-11-25T00:31:24 IST" skipped="0">
  <testcase classname="ProductTest.FishProduct" name="updateProduct" time="10.371"/>
  <system-out>
    <![CDATA[Thank you, your order has been submitted.]]>
  </system-out>
  <testcase classname="ProductTest.FishProduct" name="removeProduct" time="13.882"/>
  <system-out>
    <![CDATA[Your cart is empty.]]>
  </system-out>
  <testcase classname="ProductTest.FishProduct" name="addProduct" time="14.780"/>
  <system-out>
    <![CDATA[Thank you, your order has been submitted.]]>
  </system-out>
</testsuite> <!-- ProductTest.FishProduct -->
