<?xml version="1.0" encoding="UTF-8"?>
<!-- Generated by org.testng.reporters.JUnitReportReporter -->
<testsuite hostname="LAPTOP-EKDAT383" failures="0" tests="2" name="ProductTest.ReptileProduct" time="28.726" errors="0" timestamp="2024-11-26T11:21:22 IST" skipped="0">
  <testcase classname="ProductTest.ReptileProduct" name="addProduct" time="23.613"/>
  <system-out/>
  <testcase classname="ProductTest.ReptileProduct" name="removeProduct" time="5.113"/>
  <system-out/>
</testsuite> <!-- ProductTest.ReptileProduct -->
