<?xml version="1.0" encoding="UTF-8"?>
<!-- Generated by org.testng.reporters.JUnitReportReporter -->
<testsuite hostname="DESKTOP-7FOVLSH" failures="0" tests="2" name="ProductTest.BirdsProduct" time="11.371" errors="0" timestamp="2024-11-23T10:29:07 IST" skipped="0">
  <testcase classname="ProductTest.BirdsProduct" name="addFirstProduct" time="7.676"/>
  <system-out/>
  <testcase classname="ProductTest.BirdsProduct" name="removeFirstProduct" time="3.695"/>
  <system-out/>
</testsuite> <!-- ProductTest.BirdsProduct -->
