<?xml version="1.0" encoding="UTF-8"?>
<!-- Generated by org.testng.reporters.JUnitReportReporter -->
<testsuite hostname="Harry" failures="0" tests="4" name="ProductTest.Birdsproduct" time="9.952" errors="0" timestamp="2024-11-21T10:24:39 IST" skipped="0">
  <testcase classname="ProductTest.Birdsproduct" name="addFirstProduct" time="2.850"/>
  <system-out>
    <![CDATA[Bird Product Test-Amazon Parrot- Added Succesful]]>
  </system-out>
  <testcase classname="ProductTest.Birdsproduct" name="addFirstProduct" time="1.654"/>
  <system-out>
    <![CDATA[Bird Product Test-Amazon Parrot- Added Succesful]]>
  </system-out>
  <testcase classname="ProductTest.Birdsproduct" name="removeFirstProduct" time="3.285"/>
  <system-out>
    <![CDATA[Bird Product Test-Amazon Parrot- Removed Succesful]]>
  </system-out>
  <testcase classname="ProductTest.Birdsproduct" name="removeFirstProduct" time="2.163"/>
  <system-out>
    <![CDATA[Bird Product Test-Amazon Parrot- Removed Succesful]]>
  </system-out>
</testsuite> <!-- ProductTest.Birdsproduct -->
