<?xml version="1.0" encoding="UTF-8"?>
<!-- Generated by org.testng.reporters.JUnitReportReporter -->
<testsuite hostname="DESKTOP-U33VJRC" failures="0" tests="2" name="ProductTest.ReptileProduct" time="21.298" errors="0" timestamp="2024-11-25T21:35:20 IST" skipped="0">
  <testcase classname="ProductTest.ReptileProduct" name="removeProduct" time="5.074"/>
  <system-out>
    <![CDATA[Add Product Removed Successfully]]>
  </system-out>
  <testcase classname="ProductTest.ReptileProduct" name="addProduct" time="16.224"/>
  <system-out>
    <![CDATA[Adding Product Started Successfully
Adding Product Finished Successfully]]>
  </system-out>
</testsuite> <!-- ProductTest.ReptileProduct -->
