<?xml version="1.0" encoding="UTF-8"?>
<!-- Generated by org.testng.reporters.JUnitReportReporter -->
<testsuite hostname="Harry" failures="0" tests="1" name="ProductTest.FishProduct" time="19.546" errors="0" timestamp="2024-11-26T09:41:16 IST" skipped="0">
  <testcase classname="ProductTest.FishProduct" name="addProduct" time="19.546"/>
  <system-out>
    <![CDATA[Thank you, your order has been submitted.]]>
  </system-out>
</testsuite> <!-- ProductTest.FishProduct -->
