<?xml version="1.0" encoding="UTF-8"?>
<!-- Generated by org.testng.reporters.JUnitReportReporter -->
<testsuite hostname="Harry" failures="0" tests="3" name="ProductTest.DemoExecution" time="13.775" errors="0" timestamp="2024-11-28T09:34:39 IST" skipped="0">
  <testcase classname="ProductTest.DemoExecution" name="demoMethodExecution" time="4.817"/>
  <system-out>
    <![CDATA[demoMethodExecution]]>
  </system-out>
  <testcase classname="ProductTest.DemoExecution" name="demoMethodExecution" time="4.716"/>
  <system-out>
    <![CDATA[demoMethodExecution]]>
  </system-out>
  <testcase classname="ProductTest.DemoExecution" name="demoMethodExecution" time="4.242"/>
  <system-out>
    <![CDATA[demoMethodExecution]]>
  </system-out>
</testsuite> <!-- ProductTest.DemoExecution -->
