<?xml version="1.0" encoding="UTF-8"?>
<!-- Generated by org.testng.reporters.JUnitReportReporter -->
<testsuite hostname="DESKTOP-7FOVLSH" failures="0" tests="2" name="ProductTest.DogsProduct" time="20.634" errors="0" timestamp="2024-11-23T10:29:07 IST" skipped="0">
  <testcase classname="ProductTest.DogsProduct" name="addProduct" time="13.969"/>
  <system-out/>
  <testcase classname="ProductTest.DogsProduct" name="removeProduct" time="6.665"/>
  <system-out/>
</testsuite> <!-- ProductTest.DogsProduct -->
