<?xml version="1.0" encoding="UTF-8"?>
<!-- Generated by org.testng.reporters.JUnitReportReporter -->
<testsuite hostname="LAPTOP-FQ655NHB" failures="0" tests="2" name="ProductTest.DogsProduct" time="25.546" errors="0" timestamp="2024-11-25T00:31:24 IST" skipped="0">
  <testcase classname="ProductTest.DogsProduct" name="addProduct" time="18.127"/>
  <system-out/>
  <testcase classname="ProductTest.DogsProduct" name="removeProduct" time="7.419"/>
  <system-out/>
</testsuite> <!-- ProductTest.DogsProduct -->
