<?xml version="1.0" encoding="UTF-8"?>
<!-- Generated by org.testng.reporters.JUnitReportReporter -->
<testsuite hostname="LAPTOP-FQ655NHB" failures="0" tests="2" name="ProductTest.CatsProduct" time="12.771" errors="0" timestamp="2024-11-25T00:31:24 IST" skipped="0">
  <testcase classname="ProductTest.CatsProduct" name="addFirstProduct" time="8.673"/>
  <system-out>
    <![CDATA[----------------ADD PRODUCT----------------
Implicit wait set to 20 seconds.
Clicking on the cats link was successful.
Click the link to view the cat product ID successfully.
The cat product has been successfully placed to the cart.
Enter a specific cat product's quantity number successfully.
Successfully updated cart.
Successfully Proceed to Checkout.
Successfully Confirm the Order.
Thank you, your order has been submitted.
ScreenShot saved at:C:\Users\AJJU\git\Petstore.octoperf-Ecommerse\QKP-SJFJVD-A6\.\Screenshots\CatOrderPaySlip.png]]>
  </system-out>
  <testcase classname="ProductTest.CatsProduct" name="removeProduct" time="4.098"/>
  <system-out>
    <![CDATA[----------------REMOVE PRODUCT----------------
Implicit wait set to 20 seconds.
Clicking on the cats link was successful.
Click the link to view the cat product ID successfully.
The cat product has been successfully placed to the cart.
Removed the product in the cart successfully
Your cart is empty.
Successfully updated cart.]]>
  </system-out>
</testsuite> <!-- ProductTest.CatsProduct -->
