<?xml version="1.0" encoding="UTF-8"?>
<!-- Generated by org.testng.reporters.JUnitReportReporter -->
<testsuite hostname="LAPTOP-EKDAT383" failures="0" tests="1" name="ProductTest.DogsProduct" time="18.835" errors="0" timestamp="2024-11-26T11:21:22 IST" skipped="0">
  <testcase classname="ProductTest.DogsProduct" name="addProduct" time="18.835"/>
  <system-out/>
</testsuite> <!-- ProductTest.DogsProduct -->
