<?xml version="1.0" encoding="UTF-8"?>
<!-- Generated by org.testng.reporters.JUnitReportReporter -->
<testsuite hostname="Harry" failures="0" tests="1" name="ProductTest.DogsProduct" time="26.952" errors="0" timestamp="2024-11-26T09:41:16 IST" skipped="0">
  <testcase classname="ProductTest.DogsProduct" name="addProduct" time="26.952"/>
  <system-out/>
</testsuite> <!-- ProductTest.DogsProduct -->
