<?xml version="1.0" encoding="UTF-8"?>
<!-- Generated by org.testng.reporters.JUnitReportReporter -->
<testsuite hostname="LAPTOP-EKDAT383" failures="0" tests="1" name="ProductTest.BirdsProduct" time="10.936" errors="0" timestamp="2024-11-26T11:21:22 IST" skipped="0">
  <testcase classname="ProductTest.BirdsProduct" name="addFirstProduct" time="10.936"/>
  <system-out/>
</testsuite> <!-- ProductTest.BirdsProduct -->
