<?xml version="1.0" encoding="UTF-8"?>
<!-- Generated by org.testng.reporters.JUnitReportReporter -->
<testsuite hostname="Harry" failures="0" tests="1" name="ProductTest.ReptileProduct" time="29.001" errors="0" timestamp="2024-11-26T09:41:16 IST" skipped="0">
  <testcase classname="ProductTest.ReptileProduct" name="addProduct" time="29.001"/>
  <system-out>
    <![CDATA[Adding Product Started Successfully
Adding Product Finished Successfully]]>
  </system-out>
</testsuite> <!-- ProductTest.ReptileProduct -->
