<?xml version="1.0" encoding="UTF-8"?>
<!-- Generated by org.testng.reporters.JUnitReportReporter -->
<testsuite hostname="LAPTOP-FQ655NHB" failures="0" tests="2" name="ProductTest.BirdsProduct" time="14.047" errors="0" timestamp="2024-11-25T00:31:24 IST" skipped="0">
  <testcase classname="ProductTest.BirdsProduct" name="addFirstProduct" time="9.929"/>
  <system-out/>
  <testcase classname="ProductTest.BirdsProduct" name="removeFirstProduct" time="4.118"/>
  <system-out/>
</testsuite> <!-- ProductTest.BirdsProduct -->
