<?xml version="1.0" encoding="UTF-8"?>
<!-- Generated by org.testng.reporters.JUnitReportReporter -->
<testsuite hostname="Lenovo-PC" failures="0" tests="2" name="ProductTest.DogsProduct" time="46.913" errors="0" timestamp="2024-11-23T15:50:12 IST" skipped="0">
  <testcase classname="ProductTest.DogsProduct" name="removeProduct" time="32.548"/>
  <system-out/>
  <testcase classname="ProductTest.DogsProduct" name="addProduct" time="14.365"/>
  <system-out/>
</testsuite> <!-- ProductTest.DogsProduct -->
