<?xml version="1.0" encoding="UTF-8"?>
<!-- Generated by org.testng.reporters.JUnitReportReporter -->
<testsuite hostname="DESKTOP-U33VJRC" failures="0" tests="3" name="ProductTest.FishProduct" time="30.717" errors="0" timestamp="2024-11-25T21:35:20 IST" skipped="0">
  <testcase classname="ProductTest.FishProduct" name="updateProduct" time="11.559"/>
  <system-out>
    <![CDATA[Thank you, your order has been submitted.]]>
  </system-out>
  <testcase classname="ProductTest.FishProduct" name="addProduct" time="9.994"/>
  <system-out>
    <![CDATA[Thank you, your order has been submitted.]]>
  </system-out>
  <testcase classname="ProductTest.FishProduct" name="removeProduct" time="9.164"/>
  <system-out>
    <![CDATA[Your cart is empty.]]>
  </system-out>
</testsuite> <!-- ProductTest.FishProduct -->
