<?xml version="1.0" encoding="UTF-8"?>
<!-- Generated by org.testng.reporters.JUnitReportReporter -->
<testsuite hostname="DESKTOP-U33VJRC" failures="0" tests="3" name="ProductTest.DogsProduct" time="29.471" errors="0" timestamp="2024-11-25T21:35:20 IST" skipped="0">
  <testcase classname="ProductTest.DogsProduct" name="updateProduct" time="12.342"/>
  <system-out/>
  <testcase classname="ProductTest.DogsProduct" name="removeProduct" time="5.754"/>
  <system-out/>
  <testcase classname="ProductTest.DogsProduct" name="addProduct" time="11.375"/>
  <system-out/>
</testsuite> <!-- ProductTest.DogsProduct -->
