<?xml version="1.0" encoding="UTF-8"?>
<!-- Generated by org.testng.reporters.JUnitReportReporter -->
<testsuite hostname="Harry" failures="0" tests="1" name="RegisterTest.VerifyRegister" time="11.511" errors="0" timestamp="2024-11-21T09:21:21 IST" skipped="0">
  <testcase classname="RegisterTest.VerifyRegister" name="verifyRegisterValidInput" time="11.511"/>
  <system-out>
    <![CDATA[Registeration completed]]>
  </system-out>
</testsuite> <!-- RegisterTest.VerifyRegister -->
