<?xml version="1.0" encoding="UTF-8"?>
<!-- Generated by org.testng.reporters.JUnitReportReporter -->
<testsuite hostname="Lenovo-PC" failures="0" tests="3" name="ProductTest.FishProduct" time="73.896" errors="0" timestamp="2024-11-23T15:50:12 IST" skipped="0">
  <testcase classname="ProductTest.FishProduct" name="removeProduct" time="51.150"/>
  <system-out>
    <![CDATA[Your cart is empty.]]>
  </system-out>
  <testcase classname="ProductTest.FishProduct" name="updateProduct" time="11.687"/>
  <system-out>
    <![CDATA[Thank you, your order has been submitted.]]>
  </system-out>
  <testcase classname="ProductTest.FishProduct" name="addProduct" time="11.059"/>
  <system-out>
    <![CDATA[Thank you, your order has been submitted.]]>
  </system-out>
</testsuite> <!-- ProductTest.FishProduct -->
