<?xml version="1.0" encoding="UTF-8"?>
<!-- Generated by org.testng.reporters.JUnitReportReporter -->
<testsuite hostname="DESKTOP-U33VJRC" failures="0" tests="2" name="ProductTest.BirdsProduct" time="10.984" errors="0" timestamp="2024-11-25T21:35:20 IST" skipped="0">
  <testcase classname="ProductTest.BirdsProduct" name="addFirstProduct" time="7.787"/>
  <system-out/>
  <testcase classname="ProductTest.BirdsProduct" name="removeFirstProduct" time="3.197"/>
  <system-out/>
</testsuite> <!-- ProductTest.BirdsProduct -->
