<?xml version="1.0" encoding="UTF-8"?>
<!-- Generated by org.testng.reporters.JUnitReportReporter -->
<testsuite hostname="Harry" failures="0" tests="2" name="ProductTest.BirdsProduct" time="11.211" errors="0" timestamp="2024-11-23T10:00:02 IST" skipped="0">
  <testcase classname="ProductTest.BirdsProduct" name="removeFirstProduct" time="4.516"/>
  <system-out/>
  <testcase classname="ProductTest.BirdsProduct" name="addFirstProduct" time="6.695"/>
  <system-out/>
</testsuite> <!-- ProductTest.BirdsProduct -->
